{"/goinfre/wasayad/red-tetris/frontend/src/socketActions.jsx": {"path":"/goinfre/wasayad/red-tetris/frontend/src/socketActions.jsx","statementMap":{"0":{"start":{"line":4,"column":27},"end":{"line":8,"column":1}},"1":{"start":{"line":5,"column":1},"end":{"line":7,"column":3}},"2":{"start":{"line":6,"column":2},"end":{"line":6,"column":42}},"3":{"start":{"line":10,"column":34},"end":{"line":21,"column":1}},"4":{"start":{"line":11,"column":1},"end":{"line":20,"column":3}},"5":{"start":{"line":12,"column":2},"end":{"line":15,"column":5}},"6":{"start":{"line":13,"column":3},"end":{"line":13,"column":43}},"7":{"start":{"line":14,"column":3},"end":{"line":14,"column":41}},"8":{"start":{"line":17,"column":2},"end":{"line":19,"column":4}},"9":{"start":{"line":18,"column":3},"end":{"line":18,"column":29}},"10":{"start":{"line":23,"column":34},"end":{"line":34,"column":1}},"11":{"start":{"line":24,"column":1},"end":{"line":33,"column":3}},"12":{"start":{"line":25,"column":2},"end":{"line":28,"column":5}},"13":{"start":{"line":26,"column":3},"end":{"line":26,"column":48}},"14":{"start":{"line":27,"column":3},"end":{"line":27,"column":33}},"15":{"start":{"line":30,"column":2},"end":{"line":32,"column":4}},"16":{"start":{"line":31,"column":3},"end":{"line":31,"column":29}},"17":{"start":{"line":36,"column":33},"end":{"line":45,"column":1}},"18":{"start":{"line":37,"column":1},"end":{"line":44,"column":3}},"19":{"start":{"line":38,"column":2},"end":{"line":40,"column":5}},"20":{"start":{"line":39,"column":3},"end":{"line":39,"column":34}},"21":{"start":{"line":41,"column":2},"end":{"line":43,"column":4}},"22":{"start":{"line":42,"column":3},"end":{"line":42,"column":21}},"23":{"start":{"line":47,"column":33},"end":{"line":57,"column":1}},"24":{"start":{"line":48,"column":1},"end":{"line":56,"column":3}},"25":{"start":{"line":49,"column":2},"end":{"line":51,"column":5}},"26":{"start":{"line":50,"column":3},"end":{"line":50,"column":33}},"27":{"start":{"line":53,"column":2},"end":{"line":55,"column":4}},"28":{"start":{"line":54,"column":3},"end":{"line":54,"column":21}},"29":{"start":{"line":59,"column":42},"end":{"line":70,"column":1}},"30":{"start":{"line":60,"column":1},"end":{"line":69,"column":3}},"31":{"start":{"line":61,"column":2},"end":{"line":64,"column":5}},"32":{"start":{"line":62,"column":3},"end":{"line":62,"column":20}},"33":{"start":{"line":63,"column":3},"end":{"line":63,"column":42}},"34":{"start":{"line":66,"column":2},"end":{"line":68,"column":4}},"35":{"start":{"line":67,"column":3},"end":{"line":67,"column":21}},"36":{"start":{"line":72,"column":39},"end":{"line":82,"column":1}},"37":{"start":{"line":73,"column":1},"end":{"line":81,"column":3}},"38":{"start":{"line":74,"column":2},"end":{"line":76,"column":5}},"39":{"start":{"line":75,"column":3},"end":{"line":75,"column":45}},"40":{"start":{"line":78,"column":2},"end":{"line":80,"column":4}},"41":{"start":{"line":79,"column":3},"end":{"line":79,"column":21}},"42":{"start":{"line":84,"column":27},"end":{"line":96,"column":1}},"43":{"start":{"line":85,"column":1},"end":{"line":95,"column":3}},"44":{"start":{"line":86,"column":2},"end":{"line":90,"column":5}},"45":{"start":{"line":87,"column":3},"end":{"line":87,"column":32}},"46":{"start":{"line":88,"column":3},"end":{"line":88,"column":21}},"47":{"start":{"line":89,"column":3},"end":{"line":89,"column":35}},"48":{"start":{"line":92,"column":2},"end":{"line":94,"column":4}},"49":{"start":{"line":93,"column":3},"end":{"line":93,"column":27}},"50":{"start":{"line":98,"column":25},"end":{"line":102,"column":1}},"51":{"start":{"line":99,"column":1},"end":{"line":101,"column":3}},"52":{"start":{"line":100,"column":2},"end":{"line":100,"column":27}},"53":{"start":{"line":104,"column":23},"end":{"line":114,"column":1}},"54":{"start":{"line":105,"column":1},"end":{"line":113,"column":3}},"55":{"start":{"line":106,"column":2},"end":{"line":108,"column":5}},"56":{"start":{"line":107,"column":3},"end":{"line":107,"column":34}},"57":{"start":{"line":110,"column":2},"end":{"line":112,"column":4}},"58":{"start":{"line":111,"column":3},"end":{"line":111,"column":25}},"59":{"start":{"line":116,"column":25},"end":{"line":120,"column":1}},"60":{"start":{"line":117,"column":1},"end":{"line":119,"column":3}},"61":{"start":{"line":118,"column":2},"end":{"line":118,"column":27}},"62":{"start":{"line":122,"column":22},"end":{"line":126,"column":1}},"63":{"start":{"line":123,"column":1},"end":{"line":125,"column":3}},"64":{"start":{"line":124,"column":2},"end":{"line":124,"column":29}},"65":{"start":{"line":129,"column":24},"end":{"line":133,"column":1}},"66":{"start":{"line":130,"column":1},"end":{"line":132,"column":3}},"67":{"start":{"line":131,"column":2},"end":{"line":131,"column":31}},"68":{"start":{"line":135,"column":25},"end":{"line":139,"column":1}},"69":{"start":{"line":136,"column":1},"end":{"line":138,"column":3}},"70":{"start":{"line":137,"column":2},"end":{"line":137,"column":32}},"71":{"start":{"line":141,"column":25},"end":{"line":145,"column":1}},"72":{"start":{"line":142,"column":1},"end":{"line":144,"column":3}},"73":{"start":{"line":143,"column":2},"end":{"line":143,"column":32}},"74":{"start":{"line":147,"column":24},"end":{"line":165,"column":1}},"75":{"start":{"line":148,"column":4},"end":{"line":164,"column":6}},"76":{"start":{"line":149,"column":8},"end":{"line":163,"column":11}},"77":{"start":{"line":150,"column":32},"end":{"line":153,"column":13}},"78":{"start":{"line":151,"column":16},"end":{"line":151,"column":59}},"79":{"start":{"line":152,"column":16},"end":{"line":152,"column":37}},"80":{"start":{"line":155,"column":34},"end":{"line":157,"column":13}},"81":{"start":{"line":156,"column":16},"end":{"line":156,"column":26}},"82":{"start":{"line":159,"column":12},"end":{"line":159,"column":46}},"83":{"start":{"line":160,"column":12},"end":{"line":160,"column":50}},"84":{"start":{"line":162,"column":12},"end":{"line":162,"column":68}}},"fnMap":{"0":{"name":"(anonymous_0)","decl":{"start":{"line":4,"column":27},"end":{"line":4,"column":28}},"loc":{"start":{"line":4,"column":40},"end":{"line":8,"column":1}},"line":4},"1":{"name":"(anonymous_1)","decl":{"start":{"line":5,"column":8},"end":{"line":5,"column":9}},"loc":{"start":{"line":5,"column":14},"end":{"line":7,"column":2}},"line":5},"2":{"name":"(anonymous_2)","decl":{"start":{"line":10,"column":34},"end":{"line":10,"column":35}},"loc":{"start":{"line":10,"column":40},"end":{"line":21,"column":1}},"line":10},"3":{"name":"(anonymous_3)","decl":{"start":{"line":11,"column":8},"end":{"line":11,"column":9}},"loc":{"start":{"line":11,"column":22},"end":{"line":20,"column":2}},"line":11},"4":{"name":"(anonymous_4)","decl":{"start":{"line":12,"column":27},"end":{"line":12,"column":28}},"loc":{"start":{"line":12,"column":40},"end":{"line":15,"column":3}},"line":12},"5":{"name":"(anonymous_5)","decl":{"start":{"line":17,"column":9},"end":{"line":17,"column":10}},"loc":{"start":{"line":17,"column":15},"end":{"line":19,"column":3}},"line":17},"6":{"name":"(anonymous_6)","decl":{"start":{"line":23,"column":34},"end":{"line":23,"column":35}},"loc":{"start":{"line":23,"column":40},"end":{"line":34,"column":1}},"line":23},"7":{"name":"(anonymous_7)","decl":{"start":{"line":24,"column":8},"end":{"line":24,"column":9}},"loc":{"start":{"line":24,"column":22},"end":{"line":33,"column":2}},"line":24},"8":{"name":"(anonymous_8)","decl":{"start":{"line":25,"column":27},"end":{"line":25,"column":28}},"loc":{"start":{"line":25,"column":38},"end":{"line":28,"column":3}},"line":25},"9":{"name":"(anonymous_9)","decl":{"start":{"line":30,"column":9},"end":{"line":30,"column":10}},"loc":{"start":{"line":30,"column":15},"end":{"line":32,"column":3}},"line":30},"10":{"name":"(anonymous_10)","decl":{"start":{"line":36,"column":33},"end":{"line":36,"column":34}},"loc":{"start":{"line":36,"column":39},"end":{"line":45,"column":1}},"line":36},"11":{"name":"(anonymous_11)","decl":{"start":{"line":37,"column":8},"end":{"line":37,"column":9}},"loc":{"start":{"line":37,"column":22},"end":{"line":44,"column":2}},"line":37},"12":{"name":"(anonymous_12)","decl":{"start":{"line":38,"column":19},"end":{"line":38,"column":20}},"loc":{"start":{"line":38,"column":28},"end":{"line":40,"column":3}},"line":38},"13":{"name":"(anonymous_13)","decl":{"start":{"line":41,"column":9},"end":{"line":41,"column":10}},"loc":{"start":{"line":41,"column":15},"end":{"line":43,"column":3}},"line":41},"14":{"name":"(anonymous_14)","decl":{"start":{"line":47,"column":33},"end":{"line":47,"column":34}},"loc":{"start":{"line":47,"column":39},"end":{"line":57,"column":1}},"line":47},"15":{"name":"(anonymous_15)","decl":{"start":{"line":48,"column":8},"end":{"line":48,"column":9}},"loc":{"start":{"line":48,"column":22},"end":{"line":56,"column":2}},"line":48},"16":{"name":"(anonymous_16)","decl":{"start":{"line":49,"column":19},"end":{"line":49,"column":20}},"loc":{"start":{"line":49,"column":28},"end":{"line":51,"column":3}},"line":49},"17":{"name":"(anonymous_17)","decl":{"start":{"line":53,"column":9},"end":{"line":53,"column":10}},"loc":{"start":{"line":53,"column":15},"end":{"line":55,"column":3}},"line":53},"18":{"name":"(anonymous_18)","decl":{"start":{"line":59,"column":42},"end":{"line":59,"column":43}},"loc":{"start":{"line":59,"column":48},"end":{"line":70,"column":1}},"line":59},"19":{"name":"(anonymous_19)","decl":{"start":{"line":60,"column":8},"end":{"line":60,"column":9}},"loc":{"start":{"line":60,"column":22},"end":{"line":69,"column":2}},"line":60},"20":{"name":"(anonymous_20)","decl":{"start":{"line":61,"column":23},"end":{"line":61,"column":24}},"loc":{"start":{"line":61,"column":32},"end":{"line":64,"column":3}},"line":61},"21":{"name":"(anonymous_21)","decl":{"start":{"line":66,"column":9},"end":{"line":66,"column":10}},"loc":{"start":{"line":66,"column":15},"end":{"line":68,"column":3}},"line":66},"22":{"name":"(anonymous_22)","decl":{"start":{"line":72,"column":39},"end":{"line":72,"column":40}},"loc":{"start":{"line":72,"column":45},"end":{"line":82,"column":1}},"line":72},"23":{"name":"(anonymous_23)","decl":{"start":{"line":73,"column":8},"end":{"line":73,"column":9}},"loc":{"start":{"line":73,"column":22},"end":{"line":81,"column":2}},"line":73},"24":{"name":"(anonymous_24)","decl":{"start":{"line":74,"column":25},"end":{"line":74,"column":26}},"loc":{"start":{"line":74,"column":40},"end":{"line":76,"column":3}},"line":74},"25":{"name":"(anonymous_25)","decl":{"start":{"line":78,"column":9},"end":{"line":78,"column":10}},"loc":{"start":{"line":78,"column":15},"end":{"line":80,"column":3}},"line":78},"26":{"name":"(anonymous_26)","decl":{"start":{"line":84,"column":27},"end":{"line":84,"column":28}},"loc":{"start":{"line":84,"column":33},"end":{"line":96,"column":1}},"line":84},"27":{"name":"(anonymous_27)","decl":{"start":{"line":85,"column":8},"end":{"line":85,"column":9}},"loc":{"start":{"line":85,"column":22},"end":{"line":95,"column":2}},"line":85},"28":{"name":"(anonymous_28)","decl":{"start":{"line":86,"column":18},"end":{"line":86,"column":19}},"loc":{"start":{"line":86,"column":28},"end":{"line":90,"column":3}},"line":86},"29":{"name":"(anonymous_29)","decl":{"start":{"line":92,"column":9},"end":{"line":92,"column":10}},"loc":{"start":{"line":92,"column":15},"end":{"line":94,"column":3}},"line":92},"30":{"name":"(anonymous_30)","decl":{"start":{"line":98,"column":25},"end":{"line":98,"column":26}},"loc":{"start":{"line":98,"column":31},"end":{"line":102,"column":1}},"line":98},"31":{"name":"(anonymous_31)","decl":{"start":{"line":99,"column":8},"end":{"line":99,"column":9}},"loc":{"start":{"line":99,"column":14},"end":{"line":101,"column":2}},"line":99},"32":{"name":"(anonymous_32)","decl":{"start":{"line":104,"column":23},"end":{"line":104,"column":24}},"loc":{"start":{"line":104,"column":29},"end":{"line":114,"column":1}},"line":104},"33":{"name":"(anonymous_33)","decl":{"start":{"line":105,"column":8},"end":{"line":105,"column":9}},"loc":{"start":{"line":105,"column":22},"end":{"line":113,"column":2}},"line":105},"34":{"name":"(anonymous_34)","decl":{"start":{"line":106,"column":23},"end":{"line":106,"column":24}},"loc":{"start":{"line":106,"column":33},"end":{"line":108,"column":3}},"line":106},"35":{"name":"(anonymous_35)","decl":{"start":{"line":110,"column":9},"end":{"line":110,"column":10}},"loc":{"start":{"line":110,"column":15},"end":{"line":112,"column":3}},"line":110},"36":{"name":"(anonymous_36)","decl":{"start":{"line":116,"column":25},"end":{"line":116,"column":26}},"loc":{"start":{"line":116,"column":31},"end":{"line":120,"column":1}},"line":116},"37":{"name":"(anonymous_37)","decl":{"start":{"line":117,"column":8},"end":{"line":117,"column":9}},"loc":{"start":{"line":117,"column":14},"end":{"line":119,"column":2}},"line":117},"38":{"name":"(anonymous_38)","decl":{"start":{"line":122,"column":22},"end":{"line":122,"column":23}},"loc":{"start":{"line":122,"column":28},"end":{"line":126,"column":1}},"line":122},"39":{"name":"(anonymous_39)","decl":{"start":{"line":123,"column":8},"end":{"line":123,"column":9}},"loc":{"start":{"line":123,"column":14},"end":{"line":125,"column":2}},"line":123},"40":{"name":"(anonymous_40)","decl":{"start":{"line":129,"column":24},"end":{"line":129,"column":25}},"loc":{"start":{"line":129,"column":30},"end":{"line":133,"column":1}},"line":129},"41":{"name":"(anonymous_41)","decl":{"start":{"line":130,"column":8},"end":{"line":130,"column":9}},"loc":{"start":{"line":130,"column":14},"end":{"line":132,"column":2}},"line":130},"42":{"name":"(anonymous_42)","decl":{"start":{"line":135,"column":25},"end":{"line":135,"column":26}},"loc":{"start":{"line":135,"column":31},"end":{"line":139,"column":1}},"line":135},"43":{"name":"(anonymous_43)","decl":{"start":{"line":136,"column":8},"end":{"line":136,"column":9}},"loc":{"start":{"line":136,"column":14},"end":{"line":138,"column":2}},"line":136},"44":{"name":"(anonymous_44)","decl":{"start":{"line":141,"column":25},"end":{"line":141,"column":26}},"loc":{"start":{"line":141,"column":31},"end":{"line":145,"column":1}},"line":141},"45":{"name":"(anonymous_45)","decl":{"start":{"line":142,"column":8},"end":{"line":142,"column":9}},"loc":{"start":{"line":142,"column":14},"end":{"line":144,"column":2}},"line":142},"46":{"name":"(anonymous_46)","decl":{"start":{"line":147,"column":24},"end":{"line":147,"column":25}},"loc":{"start":{"line":147,"column":42},"end":{"line":165,"column":1}},"line":147},"47":{"name":"(anonymous_47)","decl":{"start":{"line":148,"column":11},"end":{"line":148,"column":12}},"loc":{"start":{"line":148,"column":17},"end":{"line":164,"column":5}},"line":148},"48":{"name":"(anonymous_48)","decl":{"start":{"line":149,"column":27},"end":{"line":149,"column":28}},"loc":{"start":{"line":149,"column":48},"end":{"line":163,"column":9}},"line":149},"49":{"name":"(anonymous_49)","decl":{"start":{"line":150,"column":32},"end":{"line":150,"column":33}},"loc":{"start":{"line":150,"column":50},"end":{"line":153,"column":13}},"line":150},"50":{"name":"(anonymous_50)","decl":{"start":{"line":155,"column":34},"end":{"line":155,"column":35}},"loc":{"start":{"line":155,"column":40},"end":{"line":157,"column":13}},"line":155}},"branchMap":{},"s":{"0":1,"1":1,"2":1,"3":1,"4":1,"5":1,"6":1,"7":1,"8":1,"9":1,"10":1,"11":1,"12":1,"13":1,"14":1,"15":1,"16":1,"17":1,"18":1,"19":1,"20":1,"21":1,"22":1,"23":1,"24":1,"25":1,"26":1,"27":1,"28":1,"29":1,"30":1,"31":1,"32":1,"33":1,"34":1,"35":1,"36":1,"37":1,"38":1,"39":1,"40":1,"41":1,"42":1,"43":1,"44":1,"45":1,"46":1,"47":1,"48":1,"49":1,"50":1,"51":1,"52":1,"53":1,"54":1,"55":1,"56":1,"57":1,"58":1,"59":1,"60":1,"61":1,"62":1,"63":1,"64":1,"65":1,"66":1,"67":1,"68":1,"69":1,"70":1,"71":1,"72":1,"73":1,"74":1,"75":0,"76":0,"77":0,"78":0,"79":0,"80":0,"81":0,"82":0,"83":0,"84":0},"f":{"0":1,"1":1,"2":1,"3":1,"4":1,"5":1,"6":1,"7":1,"8":1,"9":1,"10":1,"11":1,"12":1,"13":1,"14":1,"15":1,"16":1,"17":1,"18":1,"19":1,"20":1,"21":1,"22":1,"23":1,"24":1,"25":1,"26":1,"27":1,"28":1,"29":1,"30":1,"31":1,"32":1,"33":1,"34":1,"35":1,"36":1,"37":1,"38":1,"39":1,"40":1,"41":1,"42":1,"43":1,"44":1,"45":1,"46":0,"47":0,"48":0,"49":0,"50":0},"b":{},"_coverageSchema":"1a1c01bbd47fc00a2c39e90264f33305004495a9","hash":"ccecd2662b70a55c174f6c634fee6191a49a01d5"}
,"/goinfre/wasayad/red-tetris/frontend/src/usersAction.jsx": {"path":"/goinfre/wasayad/red-tetris/frontend/src/usersAction.jsx","statementMap":{"0":{"start":{"line":1,"column":28},"end":{"line":4,"column":2}},"1":{"start":{"line":1,"column":40},"end":{"line":4,"column":1}},"2":{"start":{"line":6,"column":31},"end":{"line":9,"column":2}},"3":{"start":{"line":6,"column":46},"end":{"line":9,"column":1}},"4":{"start":{"line":11,"column":30},"end":{"line":14,"column":2}},"5":{"start":{"line":11,"column":40},"end":{"line":14,"column":1}},"6":{"start":{"line":16,"column":36},"end":{"line":19,"column":2}},"7":{"start":{"line":16,"column":48},"end":{"line":19,"column":1}},"8":{"start":{"line":21,"column":39},"end":{"line":24,"column":2}},"9":{"start":{"line":21,"column":58},"end":{"line":24,"column":1}},"10":{"start":{"line":26,"column":34},"end":{"line":29,"column":2}},"11":{"start":{"line":26,"column":48},"end":{"line":29,"column":1}},"12":{"start":{"line":31,"column":30},"end":{"line":34,"column":2}},"13":{"start":{"line":31,"column":48},"end":{"line":34,"column":1}},"14":{"start":{"line":36,"column":31},"end":{"line":39,"column":2}},"15":{"start":{"line":36,"column":41},"end":{"line":39,"column":1}}},"fnMap":{"0":{"name":"(anonymous_0)","decl":{"start":{"line":1,"column":28},"end":{"line":1,"column":29}},"loc":{"start":{"line":1,"column":40},"end":{"line":4,"column":1}},"line":1},"1":{"name":"(anonymous_1)","decl":{"start":{"line":6,"column":31},"end":{"line":6,"column":32}},"loc":{"start":{"line":6,"column":46},"end":{"line":9,"column":1}},"line":6},"2":{"name":"(anonymous_2)","decl":{"start":{"line":11,"column":30},"end":{"line":11,"column":31}},"loc":{"start":{"line":11,"column":40},"end":{"line":14,"column":1}},"line":11},"3":{"name":"(anonymous_3)","decl":{"start":{"line":16,"column":36},"end":{"line":16,"column":37}},"loc":{"start":{"line":16,"column":48},"end":{"line":19,"column":1}},"line":16},"4":{"name":"(anonymous_4)","decl":{"start":{"line":21,"column":39},"end":{"line":21,"column":40}},"loc":{"start":{"line":21,"column":58},"end":{"line":24,"column":1}},"line":21},"5":{"name":"(anonymous_5)","decl":{"start":{"line":26,"column":34},"end":{"line":26,"column":35}},"loc":{"start":{"line":26,"column":48},"end":{"line":29,"column":1}},"line":26},"6":{"name":"(anonymous_6)","decl":{"start":{"line":31,"column":30},"end":{"line":31,"column":31}},"loc":{"start":{"line":31,"column":48},"end":{"line":34,"column":1}},"line":31},"7":{"name":"(anonymous_7)","decl":{"start":{"line":36,"column":31},"end":{"line":36,"column":32}},"loc":{"start":{"line":36,"column":41},"end":{"line":39,"column":1}},"line":36}},"branchMap":{},"s":{"0":1,"1":2,"2":1,"3":2,"4":1,"5":2,"6":1,"7":2,"8":1,"9":2,"10":1,"11":2,"12":1,"13":2,"14":1,"15":2},"f":{"0":2,"1":2,"2":2,"3":2,"4":2,"5":2,"6":2,"7":2},"b":{},"_coverageSchema":"1a1c01bbd47fc00a2c39e90264f33305004495a9","hash":"2d681a3f37899bb198d4d5eb863642f4d7df2533"}
,"/goinfre/wasayad/red-tetris/frontend/src/assets/data/tetris-piece.jsx": {"path":"/goinfre/wasayad/red-tetris/frontend/src/assets/data/tetris-piece.jsx","statementMap":{"0":{"start":{"line":2,"column":23},"end":{"line":3,"column":28}},"1":{"start":{"line":6,"column":23},"end":{"line":9,"column":1}},"2":{"start":{"line":12,"column":23},"end":{"line":15,"column":1}},"3":{"start":{"line":18,"column":23},"end":{"line":21,"column":1}},"4":{"start":{"line":24,"column":23},"end":{"line":27,"column":1}},"5":{"start":{"line":30,"column":23},"end":{"line":33,"column":1}},"6":{"start":{"line":36,"column":23},"end":{"line":39,"column":1}}},"fnMap":{},"branchMap":{},"s":{"0":1,"1":1,"2":1,"3":1,"4":1,"5":1,"6":1},"f":{},"b":{},"_coverageSchema":"1a1c01bbd47fc00a2c39e90264f33305004495a9","hash":"678cf063424c2531d3c7bb57a51f8833d7dd5634"}
,"/goinfre/wasayad/red-tetris/frontend/src/components/Chat.jsx": {"path":"/goinfre/wasayad/red-tetris/frontend/src/components/Chat.jsx","statementMap":{"0":{"start":{"line":9,"column":13},"end":{"line":54,"column":1}},"1":{"start":{"line":10,"column":19},"end":{"line":10,"column":32}},"2":{"start":{"line":11,"column":19},"end":{"line":11,"column":66}},"3":{"start":{"line":11,"column":42},"end":{"line":11,"column":65}},"4":{"start":{"line":12,"column":42},"end":{"line":12,"column":54}},"5":{"start":{"line":14,"column":2},"end":{"line":17,"column":17}},"6":{"start":{"line":15,"column":20},"end":{"line":15,"column":50}},"7":{"start":{"line":16,"column":4},"end":{"line":16,"column":19}},"8":{"start":{"line":19,"column":28},"end":{"line":24,"column":3}},"9":{"start":{"line":20,"column":4},"end":{"line":23,"column":5}},"10":{"start":{"line":21,"column":6},"end":{"line":21,"column":42}},"11":{"start":{"line":22,"column":6},"end":{"line":22,"column":26}},"12":{"start":{"line":26,"column":28},"end":{"line":28,"column":3}},"13":{"start":{"line":27,"column":4},"end":{"line":27,"column":40}},"14":{"start":{"line":30,"column":2},"end":{"line":53,"column":4}},"15":{"start":{"line":41,"column":12},"end":{"line":43,"column":13}},"16":{"start":{"line":42,"column":14},"end":{"line":42,"column":34}}},"fnMap":{"0":{"name":"(anonymous_0)","decl":{"start":{"line":9,"column":13},"end":{"line":9,"column":14}},"loc":{"start":{"line":9,"column":19},"end":{"line":54,"column":1}},"line":9},"1":{"name":"(anonymous_1)","decl":{"start":{"line":11,"column":31},"end":{"line":11,"column":32}},"loc":{"start":{"line":11,"column":42},"end":{"line":11,"column":65}},"line":11},"2":{"name":"(anonymous_2)","decl":{"start":{"line":14,"column":12},"end":{"line":14,"column":13}},"loc":{"start":{"line":14,"column":18},"end":{"line":17,"column":3}},"line":14},"3":{"name":"(anonymous_3)","decl":{"start":{"line":19,"column":28},"end":{"line":19,"column":29}},"loc":{"start":{"line":19,"column":34},"end":{"line":24,"column":3}},"line":19},"4":{"name":"(anonymous_4)","decl":{"start":{"line":26,"column":28},"end":{"line":26,"column":29}},"loc":{"start":{"line":26,"column":39},"end":{"line":28,"column":3}},"line":26},"5":{"name":"(anonymous_5)","decl":{"start":{"line":40,"column":21},"end":{"line":40,"column":22}},"loc":{"start":{"line":40,"column":28},"end":{"line":44,"column":11}},"line":40}},"branchMap":{"0":{"loc":{"start":{"line":20,"column":4},"end":{"line":23,"column":5}},"type":"if","locations":[{"start":{"line":20,"column":4},"end":{"line":23,"column":5}},{"start":{},"end":{}}],"line":20},"1":{"loc":{"start":{"line":41,"column":12},"end":{"line":43,"column":13}},"type":"if","locations":[{"start":{"line":41,"column":12},"end":{"line":43,"column":13}},{"start":{},"end":{}}],"line":41}},"s":{"0":1,"1":0,"2":0,"3":0,"4":0,"5":0,"6":0,"7":0,"8":0,"9":0,"10":0,"11":0,"12":0,"13":0,"14":0,"15":0,"16":0},"f":{"0":0,"1":0,"2":0,"3":0,"4":0,"5":0},"b":{"0":[0,0],"1":[0,0]},"_coverageSchema":"1a1c01bbd47fc00a2c39e90264f33305004495a9","hash":"b4d7014d836ba4006fb818420cc5b45944294f0b"}
,"/goinfre/wasayad/red-tetris/frontend/src/components/ChatMessages.jsx": {"path":"/goinfre/wasayad/red-tetris/frontend/src/components/ChatMessages.jsx","statementMap":{"0":{"start":{"line":3,"column":21},"end":{"line":13,"column":1}},"1":{"start":{"line":4,"column":21},"end":{"line":4,"column":35}},"2":{"start":{"line":6,"column":4},"end":{"line":12,"column":12}},"3":{"start":{"line":8,"column":10},"end":{"line":10,"column":16}}},"fnMap":{"0":{"name":"(anonymous_0)","decl":{"start":{"line":3,"column":21},"end":{"line":3,"column":22}},"loc":{"start":{"line":3,"column":32},"end":{"line":13,"column":1}},"line":3},"1":{"name":"(anonymous_1)","decl":{"start":{"line":7,"column":22},"end":{"line":7,"column":23}},"loc":{"start":{"line":8,"column":10},"end":{"line":10,"column":16}},"line":8}},"branchMap":{},"s":{"0":2,"1":3,"2":3,"3":5},"f":{"0":3,"1":5},"b":{},"_coverageSchema":"1a1c01bbd47fc00a2c39e90264f33305004495a9","hash":"34eac85c68b06051203a9378f534327e67e48f0d"}
,"/goinfre/wasayad/red-tetris/frontend/src/components/Game.jsx": {"path":"/goinfre/wasayad/red-tetris/frontend/src/components/Game.jsx","statementMap":{"0":{"start":{"line":4,"column":14},"end":{"line":4,"column":23}},"1":{"start":{"line":6,"column":2},"end":{"line":8,"column":8}},"2":{"start":{"line":10,"column":2},"end":{"line":22,"column":4}},"3":{"start":{"line":14,"column":10},"end":{"line":18,"column":16}},"4":{"start":{"line":16,"column":14},"end":{"line":16,"column":64}}},"fnMap":{"0":{"name":"Game","decl":{"start":{"line":3,"column":9},"end":{"line":3,"column":13}},"loc":{"start":{"line":3,"column":21},"end":{"line":23,"column":1}},"line":3},"1":{"name":"(anonymous_1)","decl":{"start":{"line":6,"column":12},"end":{"line":6,"column":13}},"loc":{"start":{"line":6,"column":18},"end":{"line":8,"column":3}},"line":6},"2":{"name":"(anonymous_2)","decl":{"start":{"line":13,"column":22},"end":{"line":13,"column":23}},"loc":{"start":{"line":14,"column":10},"end":{"line":18,"column":16}},"line":14},"3":{"name":"(anonymous_3)","decl":{"start":{"line":15,"column":21},"end":{"line":15,"column":22}},"loc":{"start":{"line":16,"column":14},"end":{"line":16,"column":64}},"line":16}},"branchMap":{"0":{"loc":{"start":{"line":13,"column":9},"end":{"line":19,"column":16}},"type":"cond-expr","locations":[{"start":{"line":13,"column":14},"end":{"line":19,"column":10}},{"start":{"line":19,"column":12},"end":{"line":19,"column":16}}],"line":13}},"s":{"0":4,"1":4,"2":4,"3":3,"4":9},"f":{"0":4,"1":4,"2":3,"3":9},"b":{"0":[3,1]},"_coverageSchema":"1a1c01bbd47fc00a2c39e90264f33305004495a9","hash":"a68c409b2ff5e7b788c0d5edc188f75329752d36"}
,"/goinfre/wasayad/red-tetris/frontend/src/components/Home.jsx": {"path":"/goinfre/wasayad/red-tetris/frontend/src/components/Home.jsx","statementMap":{"0":{"start":{"line":7,"column":13},"end":{"line":53,"column":1}},"1":{"start":{"line":8,"column":16},"end":{"line":8,"column":29}},"2":{"start":{"line":9,"column":23},"end":{"line":9,"column":33}},"3":{"start":{"line":11,"column":25},"end":{"line":13,"column":4}},"4":{"start":{"line":12,"column":2},"end":{"line":12,"column":45}},"5":{"start":{"line":15,"column":21},"end":{"line":18,"column":2}},"6":{"start":{"line":16,"column":2},"end":{"line":16,"column":21}},"7":{"start":{"line":17,"column":2},"end":{"line":17,"column":20}},"8":{"start":{"line":20,"column":1},"end":{"line":25,"column":8}},"9":{"start":{"line":21,"column":19},"end":{"line":21,"column":52}},"10":{"start":{"line":22,"column":2},"end":{"line":24,"column":3}},"11":{"start":{"line":23,"column":3},"end":{"line":23,"column":27}},"12":{"start":{"line":27,"column":1},"end":{"line":52,"column":3}}},"fnMap":{"0":{"name":"(anonymous_0)","decl":{"start":{"line":7,"column":13},"end":{"line":7,"column":14}},"loc":{"start":{"line":7,"column":19},"end":{"line":53,"column":1}},"line":7},"1":{"name":"(anonymous_1)","decl":{"start":{"line":11,"column":25},"end":{"line":11,"column":26}},"loc":{"start":{"line":11,"column":31},"end":{"line":13,"column":4}},"line":11},"2":{"name":"(anonymous_2)","decl":{"start":{"line":15,"column":21},"end":{"line":15,"column":22}},"loc":{"start":{"line":15,"column":28},"end":{"line":18,"column":2}},"line":15},"3":{"name":"(anonymous_3)","decl":{"start":{"line":20,"column":11},"end":{"line":20,"column":12}},"loc":{"start":{"line":20,"column":17},"end":{"line":25,"column":2}},"line":20}},"branchMap":{"0":{"loc":{"start":{"line":22,"column":2},"end":{"line":24,"column":3}},"type":"if","locations":[{"start":{"line":22,"column":2},"end":{"line":24,"column":3}},{"start":{},"end":{}}],"line":22}},"s":{"0":0,"1":0,"2":0,"3":0,"4":0,"5":0,"6":0,"7":0,"8":0,"9":0,"10":0,"11":0,"12":0},"f":{"0":0,"1":0,"2":0,"3":0},"b":{"0":[0,0]}}
,"/goinfre/wasayad/red-tetris/frontend/src/components/LoadingPage.jsx": {"path":"/goinfre/wasayad/red-tetris/frontend/src/components/LoadingPage.jsx","statementMap":{"0":{"start":{"line":3,"column":20},"end":{"line":25,"column":1}},"1":{"start":{"line":4,"column":45},"end":{"line":4,"column":60}},"2":{"start":{"line":6,"column":1},"end":{"line":12,"column":8}},"3":{"start":{"line":7,"column":16},"end":{"line":9,"column":10}},"4":{"start":{"line":8,"column":3},"end":{"line":8,"column":27}},"5":{"start":{"line":11,"column":2},"end":{"line":11,"column":35}},"6":{"start":{"line":11,"column":15},"end":{"line":11,"column":34}},"7":{"start":{"line":14,"column":1},"end":{"line":24,"column":3}}},"fnMap":{"0":{"name":"(anonymous_0)","decl":{"start":{"line":3,"column":20},"end":{"line":3,"column":21}},"loc":{"start":{"line":3,"column":26},"end":{"line":25,"column":1}},"line":3},"1":{"name":"(anonymous_1)","decl":{"start":{"line":6,"column":11},"end":{"line":6,"column":12}},"loc":{"start":{"line":6,"column":17},"end":{"line":12,"column":2}},"line":6},"2":{"name":"(anonymous_2)","decl":{"start":{"line":7,"column":27},"end":{"line":7,"column":28}},"loc":{"start":{"line":7,"column":33},"end":{"line":9,"column":3}},"line":7},"3":{"name":"(anonymous_3)","decl":{"start":{"line":11,"column":9},"end":{"line":11,"column":10}},"loc":{"start":{"line":11,"column":15},"end":{"line":11,"column":34}},"line":11}},"branchMap":{"0":{"loc":{"start":{"line":15,"column":34},"end":{"line":15,"column":65}},"type":"cond-expr","locations":[{"start":{"line":15,"column":51},"end":{"line":15,"column":60}},{"start":{"line":15,"column":63},"end":{"line":15,"column":65}}],"line":15},"1":{"loc":{"start":{"line":16,"column":4},"end":{"line":21,"column":9}},"type":"binary-expr","locations":[{"start":{"line":16,"column":4},"end":{"line":16,"column":19}},{"start":{"line":16,"column":23},"end":{"line":21,"column":9}}],"line":16}},"s":{"0":1,"1":3,"2":3,"3":2,"4":1,"5":2,"6":2,"7":3},"f":{"0":3,"1":2,"2":1,"3":2},"b":{"0":[1,2],"1":[3,2]},"_coverageSchema":"1a1c01bbd47fc00a2c39e90264f33305004495a9","hash":"caa3de48f10acbbff6c15933c80ccfd2da4045e1"}
,"/goinfre/wasayad/red-tetris/frontend/src/components/Lobby.jsx": {"path":"/goinfre/wasayad/red-tetris/frontend/src/components/Lobby.jsx","statementMap":{"0":{"start":{"line":4,"column":14},"end":{"line":30,"column":1}},"1":{"start":{"line":5,"column":16},"end":{"line":5,"column":27}},"2":{"start":{"line":7,"column":2},"end":{"line":29,"column":4}},"3":{"start":{"line":15,"column":10},"end":{"line":25,"column":16}}},"fnMap":{"0":{"name":"(anonymous_0)","decl":{"start":{"line":4,"column":14},"end":{"line":4,"column":15}},"loc":{"start":{"line":4,"column":25},"end":{"line":30,"column":1}},"line":4},"1":{"name":"(anonymous_1)","decl":{"start":{"line":14,"column":19},"end":{"line":14,"column":20}},"loc":{"start":{"line":15,"column":10},"end":{"line":25,"column":16}},"line":15}},"branchMap":{"0":{"loc":{"start":{"line":18,"column":15},"end":{"line":22,"column":15}},"type":"cond-expr","locations":[{"start":{"line":19,"column":16},"end":{"line":19,"column":42}},{"start":{"line":21,"column":16},"end":{"line":21,"column":80}}],"line":18}},"s":{"0":2,"1":2,"2":2,"3":4},"f":{"0":2,"1":4},"b":{"0":[2,2]},"_coverageSchema":"1a1c01bbd47fc00a2c39e90264f33305004495a9","hash":"60f3ec9a1ced1712467c1613f0addbaab5fdc0d3"}
,"/goinfre/wasayad/red-tetris/frontend/src/components/NextP.jsx": {"path":"/goinfre/wasayad/red-tetris/frontend/src/components/NextP.jsx","statementMap":{"0":{"start":{"line":11,"column":17},"end":{"line":19,"column":1}},"1":{"start":{"line":21,"column":14},"end":{"line":48,"column":1}},"2":{"start":{"line":23,"column":1},"end":{"line":47,"column":3}},"3":{"start":{"line":37,"column":7},"end":{"line":41,"column":13}},"4":{"start":{"line":39,"column":9},"end":{"line":39,"column":64}}},"fnMap":{"0":{"name":"(anonymous_0)","decl":{"start":{"line":21,"column":14},"end":{"line":21,"column":15}},"loc":{"start":{"line":21,"column":33},"end":{"line":48,"column":1}},"line":21},"1":{"name":"(anonymous_1)","decl":{"start":{"line":36,"column":53},"end":{"line":36,"column":54}},"loc":{"start":{"line":37,"column":7},"end":{"line":41,"column":13}},"line":37},"2":{"name":"(anonymous_2)","decl":{"start":{"line":38,"column":17},"end":{"line":38,"column":18}},"loc":{"start":{"line":39,"column":9},"end":{"line":39,"column":64}},"line":39}},"branchMap":{"0":{"loc":{"start":{"line":36,"column":7},"end":{"line":42,"column":15}},"type":"cond-expr","locations":[{"start":{"line":36,"column":29},"end":{"line":42,"column":8}},{"start":{"line":42,"column":11},"end":{"line":42,"column":15}}],"line":36}},"s":{"0":2,"1":2,"2":2,"3":2,"4":8},"f":{"0":2,"1":2,"2":8},"b":{"0":[1,1]},"_coverageSchema":"1a1c01bbd47fc00a2c39e90264f33305004495a9","hash":"8a7a405688762f53c96115de647552de9fa114f9"}
,"/goinfre/wasayad/red-tetris/frontend/src/components/OpponentsMap.jsx": {"path":"/goinfre/wasayad/red-tetris/frontend/src/components/OpponentsMap.jsx","statementMap":{"0":{"start":{"line":1,"column":21},"end":{"line":23,"column":1}},"1":{"start":{"line":3,"column":1},"end":{"line":22,"column":3}},"2":{"start":{"line":7,"column":5},"end":{"line":18,"column":11}},"3":{"start":{"line":11,"column":8},"end":{"line":15,"column":14}},"4":{"start":{"line":13,"column":10},"end":{"line":13,"column":60}}},"fnMap":{"0":{"name":"(anonymous_0)","decl":{"start":{"line":1,"column":21},"end":{"line":1,"column":22}},"loc":{"start":{"line":1,"column":46},"end":{"line":23,"column":1}},"line":1},"1":{"name":"(anonymous_1)","decl":{"start":{"line":6,"column":23},"end":{"line":6,"column":24}},"loc":{"start":{"line":7,"column":5},"end":{"line":18,"column":11}},"line":7},"2":{"name":"(anonymous_2)","decl":{"start":{"line":10,"column":20},"end":{"line":10,"column":21}},"loc":{"start":{"line":11,"column":8},"end":{"line":15,"column":14}},"line":11},"3":{"name":"(anonymous_3)","decl":{"start":{"line":12,"column":18},"end":{"line":12,"column":19}},"loc":{"start":{"line":13,"column":10},"end":{"line":13,"column":60}},"line":13}},"branchMap":{},"s":{"0":2,"1":2,"2":2,"3":6,"4":18},"f":{"0":2,"1":2,"2":6,"3":18},"b":{},"_coverageSchema":"1a1c01bbd47fc00a2c39e90264f33305004495a9","hash":"86197d4b3a835e031a4a506d0e49d7640e1b9762"}
,"/goinfre/wasayad/red-tetris/frontend/src/components/Settings.jsx": {"path":"/goinfre/wasayad/red-tetris/frontend/src/components/Settings.jsx","statementMap":{"0":{"start":{"line":6,"column":17},"end":{"line":56,"column":1}},"1":{"start":{"line":7,"column":45},"end":{"line":7,"column":60}},"2":{"start":{"line":8,"column":23},"end":{"line":8,"column":33}},"3":{"start":{"line":9,"column":35},"end":{"line":9,"column":50}},"4":{"start":{"line":10,"column":18},"end":{"line":10,"column":31}},"5":{"start":{"line":12,"column":25},"end":{"line":14,"column":2}},"6":{"start":{"line":13,"column":2},"end":{"line":13,"column":45}},"7":{"start":{"line":16,"column":20},"end":{"line":20,"column":2}},"8":{"start":{"line":17,"column":2},"end":{"line":17,"column":21}},"9":{"start":{"line":18,"column":2},"end":{"line":18,"column":24}},"10":{"start":{"line":19,"column":2},"end":{"line":19,"column":26}},"11":{"start":{"line":22,"column":1},"end":{"line":31,"column":23}},"12":{"start":{"line":23,"column":2},"end":{"line":30,"column":3}},"13":{"start":{"line":24,"column":3},"end":{"line":24,"column":28}},"14":{"start":{"line":25,"column":3},"end":{"line":25,"column":22}},"15":{"start":{"line":26,"column":17},"end":{"line":28,"column":11}},"16":{"start":{"line":27,"column":4},"end":{"line":27,"column":24}},"17":{"start":{"line":29,"column":3},"end":{"line":29,"column":36}},"18":{"start":{"line":29,"column":16},"end":{"line":29,"column":35}},"19":{"start":{"line":35,"column":1},"end":{"line":55,"column":3}}},"fnMap":{"0":{"name":"(anonymous_0)","decl":{"start":{"line":6,"column":17},"end":{"line":6,"column":18}},"loc":{"start":{"line":6,"column":48},"end":{"line":56,"column":1}},"line":6},"1":{"name":"(anonymous_1)","decl":{"start":{"line":12,"column":25},"end":{"line":12,"column":26}},"loc":{"start":{"line":12,"column":31},"end":{"line":14,"column":2}},"line":12},"2":{"name":"(anonymous_2)","decl":{"start":{"line":16,"column":20},"end":{"line":16,"column":21}},"loc":{"start":{"line":16,"column":27},"end":{"line":20,"column":2}},"line":16},"3":{"name":"(anonymous_3)","decl":{"start":{"line":22,"column":11},"end":{"line":22,"column":12}},"loc":{"start":{"line":22,"column":17},"end":{"line":31,"column":2}},"line":22},"4":{"name":"(anonymous_4)","decl":{"start":{"line":26,"column":28},"end":{"line":26,"column":29}},"loc":{"start":{"line":26,"column":34},"end":{"line":28,"column":4}},"line":26},"5":{"name":"(anonymous_5)","decl":{"start":{"line":29,"column":10},"end":{"line":29,"column":11}},"loc":{"start":{"line":29,"column":16},"end":{"line":29,"column":35}},"line":29}},"branchMap":{"0":{"loc":{"start":{"line":23,"column":2},"end":{"line":30,"column":3}},"type":"if","locations":[{"start":{"line":23,"column":2},"end":{"line":30,"column":3}},{"start":{},"end":{}}],"line":23},"1":{"loc":{"start":{"line":39,"column":4},"end":{"line":53,"column":4}},"type":"cond-expr","locations":[{"start":{"line":40,"column":4},"end":{"line":48,"column":7}},{"start":{"line":50,"column":4},"end":{"line":52,"column":10}}],"line":39},"2":{"loc":{"start":{"line":41,"column":6},"end":{"line":46,"column":12}},"type":"binary-expr","locations":[{"start":{"line":41,"column":6},"end":{"line":41,"column":21}},{"start":{"line":42,"column":6},"end":{"line":46,"column":12}}],"line":41}},"s":{"0":1,"1":0,"2":0,"3":0,"4":0,"5":0,"6":0,"7":0,"8":0,"9":0,"10":0,"11":0,"12":0,"13":0,"14":0,"15":0,"16":0,"17":0,"18":0,"19":0},"f":{"0":0,"1":0,"2":0,"3":0,"4":0,"5":0},"b":{"0":[0,0],"1":[0,0],"2":[0,0]},"_coverageSchema":"1a1c01bbd47fc00a2c39e90264f33305004495a9","hash":"8d15642bfb00437f9b791847a6525a18e59880f3"}
}
